{1: {0.34441853748633033: {0: 0.31321032101133556, 1: 0.31446042860684992},
     0.45474524214366013: {0: 0.31275236704034537, 1: 0.30889980560760905},
     0.49834244695660634: {0: 0.31318833908847482, 1: 0.3093357776557385},
     0.51104504022819008: {0: 0.31477309096871259, 1: 0.31477309096871259},
     0.51984705626514049: {0: 0.3122059674389529, 1: 0.31138443234649488},
     0.52528700134549755: {0: 0.30913666843078103, 1: 0.30736657263736167},
     0.53068366284348856: {0: 0.31205256779072937, 1: 0.30991949801952196},
     0.53750758320211112: {0: 0.30734805726604719, 1: 0.30974289275126171},
     0.55728090000841224: {0: 0.31323346535143265, 1: 0.30727479642164829},
     0.90169943749474257: {0: 0.31394202561193196, 1: 0.31867963494137808},
     1.4589803375031547: {0: 0.32550192332505234, 1: 0.32279471799394033},
     1.5010630138699912: {0: 0.32592275008872068, 1: 0.32467327070513058},
     2.3606797749978972: {0: 0.32853182898696354, 1: 0.32874007555089524},
     3.819660112501051: {0: 0.34910872107503127, 1: 0.34785924169144111},
     6.1803398874989472: {0: 0.36985212857094946, 1: 0.36881089575129095}},
 2: {3.819660112501051: {0: 0.3530985140790352, 1: 0.36197515931931673},
     6.1803398874989472: {0: 0.36173670681679176, 1: 0.3472483892981712},
     7.0820393249936897: {0: 0.35327913285055162, 1: 0.36164562606552964},
     7.4264578624800199: {0: 0.36161083631426844, 1: 0.35796011989609899},
     7.6393202250021019: {0: 0.36158933506552882, 1: 0.36158933506552882},
     7.7206264125599358: {0: 0.36158112231931083, 1: 0.36158112231931083},
     7.7708763999663502: {0: 0.36157604656300713, 1: 0.36157604656300724},
     7.790070187221346: {0: 0.36157410779661781, 1: 0.35320761458163974},
     7.8019326001177687: {0: 0.36157290957309285, 1: 0.3615729095730929},
     7.8092639744763428: {0: 0.36157216903022837, 1: 0.35270747496565935},
     7.8137950130141913: {0: 0.36157171134956795, 1: 0.35320521813458994},
     7.8171284622448338: {0: 0.36186682589374713, 1: 0.36186682589374713},
     7.8211263873727654: {0: 0.36190680514502654, 1: 0.3611925923096016},
     7.852182587524184: {0: 0.36156783381678914, 1: 0.3641559448426942},
     7.9837387624884322: {0: 0.35445222284578026, 1: 0.36281871606075822},
     8.5410196624968453: {0: 0.36910573789626727, 1: 0.36839152506084238}},
 3: {0.32172381495523361: {0: 0.34387622035941501, 1: 0.34013157028685742},
     0.44461137727785111: {0: 0.3301781819290891, 1: 0.33894267962289143},
     0.51722672653336277: {0: 0.33702615972528671, 1: 0.34596291190836947},
     0.52056006758784967: {0: 0.32765822930920274, 1: 0.32765822930920274},
     0.52389340864233658: {0: 0.34553779186510075, 1: 0.3418175806802865},
     0.59240735747304396: {0: 0.33624750995877289, 1: 0.32547378140461253},
     0.84228388254308328: {0: 0.34129703533599098, 1: 0.33925642723477678},
     1.3628439501309328: {0: 0.34446202791065528, 1: 0.34446202791065528},
     2.3606797749978972: {0: 0.35393023413402142, 1: 0.34678810577977182},
     3.819660112501051: {0: 0.36392866928132106, 1: 0.35974542267383197},
     6.1803398874989472: {0: 0.39799358355002262, 1: 0.38457658528453947}},
 4: {1.2425955227338947: {0: 0.31120711866224199, 1: 0.31557352870994954},
     1.3763286929106475: {0: 0.3140954252501012, 1: 0.27384598194522458},
     1.4589803375031547: {0: 0.29874492802877112, 1: 0.31220753190688744},
     1.4922700802476725: {0: 0.30932713293544067, 1: 0.31004735454208887},
     1.5008873404488501: {0: 0.30941330553745244, 1: 0.29434405345989018},
     1.5046660925471724: {0: 0.29831535898641354, 1: 0.30929745786907692},
     1.5107802418773182: {0: 0.31366735920547673, 1: 0.2926147276265294},
     1.5267872926359318: {0: 0.31243246177945333, 1: 0.31243246177945333},
     1.568694295581627: {0: 0.29502212301121788, 1: 0.31895564101675811},
     1.7462152087928762: {0: 0.30953971441479861, 1: 0.32516298311285952},
     2.3606797749978972: {0: 0.31718020495219501, 1: 0.31801122988294295},
     3.819660112501051: {0: 0.33869521608345926, 1: 0.34401377564024588},
     6.1803398874989472: {0: 0.35925492242069584, 1: 0.36230201383343824}},
 5: {1.4589803375031547: {0: 0.37929381017702957, 1: 0.37929381017702962},
     1.7631068861115387: {0: 0.37431084354492877, 1: 0.38977476107070191},
     1.7816693742562006: {0: 0.38772848032987206, 1: 0.37444332781632117},
     1.7887596138116946: {0: 0.37451423021187613, 1: 0.36686198236407086},
     1.7931416228453687: {0: 0.37445176908210448, 1: 0.37190101979950269},
     1.7964749827752904: {0: 0.37448510268140367, 1: 0.37682328952378863},
     1.8002318624008626: {0: 0.3746289526977678, 1: 0.37431010903744261},
     1.8117041109900307: {0: 0.37474367518365947, 1: 0.37208664468094932},
     1.8417388477238608: {0: 0.37504402255099778, 1: 0.37228071082817915},
     1.8875673605841534: {0: 0.37550230767960069, 1: 0.37550230767960069},
     2.3606797749978972: {0: 0.37757640132102793, 1: 0.38023343182373814},
     3.819660112501051: {0: 0.40810838771232055, 1: 0.3947169539786613},
     6.1803398874989472: {0: 0.43160890424219106, 1: 0.43171518546229953}},
 6: {1.4589803375031547: {0: 0.33339624079716962, 1: 0.33339624079716962},
     2.0162612375115669: {0: 0.32771084979708381, 1: 0.32741596789866989},
     2.2056406036251026: {0: 0.32739683866976949, 1: 0.32739683866976949},
     2.2322749494687666: {0: 0.32453729699010569, 1: 0.32673095069891089},
     2.2800872666284744: {0: 0.32784845562759285, 1: 0.33448043195653887},
     2.2834206338304091: {0: 0.32453213075936205, 1: 0.32498528423867939},
     2.2867540010323437: {0: 0.32912316228333621, 1: 0.32351149000499724},
     2.2914865459366904: {0: 0.32509248324859941, 1: 0.32738816736246523},
     2.3606797749978972: {0: 0.32452432680570881, 1: 0.32738117814740864},
     2.6477152263539296: {0: 0.30190823072492079, 1: 0.32908670155350578},
     3.819660112501051: {0: 0.32917238409229915, 1: 0.32723380639614558},
     6.1803398874989472: {0: 0.33626518848829423, 1: 0.34458066650074198}},
 7: {0.90169943749474257: {0: 0.33678967063247212, 1: 0.3321983024047403},
     0.98978878957851635: {0: 0.30583707777436897, 1: 0.33139569424207632},
     1.0234359280275616: {0: 0.3334156673100685, 1: 0.32362074842424049},
     1.0362879912909233: {0: 0.33339114233511108, 1: 0.32803454606942389},
     1.0408976543914628: {0: 0.33818165280143936, 1: 0.33976312407988035},
     1.0442310032132449: {0: 0.32695298554298735, 1: 0.32959341706202738},
     1.0500275423193792: {0: 0.33694655641492932, 1: 0.30842905820046146},
     1.0594065396102224: {0: 0.28527203219322378, 1: 0.33704034638783775},
     1.0839610732980431: {0: 0.31631864348474054, 1: 0.33034782418058783},
     1.1751709705331008: {0: 0.32785803292920845, 1: 0.3312599231529384},
     1.1795488577305886: {0: 0.33329329492359705, 1: 0.31612409413639908},
     1.4589803375031547: {0: 0.33685283775927805, 1: 0.33409801682263895},
     2.3606797749978972: {0: 0.35137947400750363, 1: 0.34127846390649363},
     3.819660112501051: {0: 0.35770481457261788, 1: 0.36045963550925697},
     6.1803398874989472: {0: 0.38131161232259686, 1: 0.37916897381632203}},
 8: {1.4589803375031547: {0: 0.32149525182616556, 1: 0.32342153254253381},
     1.843930032112435: {0: 0.32141669066400036, 1: 0.31188941036412537},
     1.869939672058397: {0: 0.31781912934639373, 1: 0.32073458124143744},
     1.8826811522726992: {0: 0.32140878227213088, 1: 0.32140878227213088},
     1.8860145135801485: {0: 0.31781584876649133, 1: 0.3207313006615351},
     1.8893478748875978: {0: 0.32140742171649522, 1: 0.32073062038371725},
     1.9130428686550673: {0: 0.33139615130212752, 1: 0.32140258600348148},
     1.9567756658262869: {0: 0.32139366094283428, 1: 0.32139366094283428},
     2.0673205101628742: {0: 0.32096475029113314, 1: 0.32137110077052067},
     2.3606797749978972: {0: 0.32389834293948339, 1: 0.31178395123292424},
     3.819660112501051: {0: 0.3384881463145149, 1: 0.3384881463145149},
     6.1803398874989472: {0: 0.36875883411030813, 1: 0.36875883411030813}},
 9: {0.90169943749474257: {0: 0.33604808872124065, 1: 0.35829071702447507},
     1.1911827936692596: {0: 0.35080581834583452, 1: 0.35080581834583457},
     1.3291255822405936: {0: 0.35218524623154784, 1: 0.34228829694065915},
     1.3616894573493095: {0: 0.34480758940055156, 1: 0.3599591045520667},
     1.3741277508354324: {0: 0.36008348748692792, 1: 0.35100278143652486},
     1.37848168514294: {0: 0.34671002856451993, 1: 0.34109835628618096},
     1.3818150389719026: {0: 0.34317229792568471, 1: 0.33148981654623366},
     1.3865660443215551: {0: 0.3602078704217892, 1: 0.34321980797918128},
     1.3942533324580255: {0: 0.34125607275933179, 1: 0.3506428700249169},
     1.4143789140806187: {0: 0.34349793667677186, 1: 0.34477331674003076},
     1.4589803375031547: {0: 0.35348379378417355, 1: 0.35348379378417349},
     2.3606797749978972: {0: 0.34546171051398267, 1: 0.3699490077285526},
     2.7458729399634114: {0: 0.35313978235341431, 1: 0.37380093937820774},
     3.819660112501051: {0: 0.37260125371148123, 1: 0.36551014055976211},
     6.1803398874989472: {0: 0.39299409370204796, 1: 0.40069738928413146}},
 10: {0.55728090000841224: {0: 0.35395667048368323, 1: 0.35395667048368329},
      0.61540579515927796: {0: 0.35393869371198716, 1: 0.34503172826724804},
      0.64288663559379478: {0: 0.35393019448298674, 1: 0.34298322881182081},
      0.74174432919636346: {0: 0.35389961993857355, 1: 0.35389961993857355},
      0.77950460810312161: {0: 0.35197487953984696, 1: 0.35388794150179831},
      0.79392775122082748: {0: 0.3538834807358856, 1: 0.3538834807358856},
      0.80284174389217389: {0: 0.35388072383093566, 1: 0.35014766496788335},
      0.80835089433853335: {0: 0.35196595800802161, 1: 0.3538790199699729},
      0.81175573656352018: {0: 0.35387796692598583, 1: 0.35387796692598583},
      0.81726488700987976: {0: 0.35196320110307167, 1: 0.35390545788274619},
      0.84060202279893204: {0: 0.35653015669307597, 1: 0.3502595647066799},
      0.90169943749474257: {0: 0.35474980338759482, 1: 0.35474980338759488},
      1.4589803375031547: {0: 0.36271393984011813, 1: 0.36032261238767899},
      2.3606797749978972: {0: 0.36933960676262639, 1: 0.36732026358056674},
      3.819660112501051: {0: 0.3819100669555982, 1: 0.37781823998142455},
      6.1803398874989472: {0: 0.40551686470557724, 1: 0.40551686470557718}},
 11: {0.90169943749474257: {0: 0.29956263841665348, 1: 0.30771204598131724},
      1.2592072910563794: {0: 0.29398524242326685, 1: 0.30002439277728599},
      1.4061678484470741: {0: 0.28125104255741534, 1: 0.30263935445281731},
      1.4388077617142139: {0: 0.3043714178920276, 1: 0.29250136374792096},
      1.4512750991924126: {0: 0.29455231783907115, 1: 0.30178888593569758},
      1.4556469825296459: {0: 0.2945960366724435, 1: 0.30469599502313072},
      1.4589803375031547: {0: 0.29249484294187872, 1: 0.2863057322353057},
      1.4655735069605269: {0: 0.30479526026743947, 1: 0.30198393165436166},
      1.4762414792361431: {0: 0.30281947435087869, 1: 0.30599523445083715},
      1.5041705932447478: {0: 0.30179722446639162, 1: 0.29315499206322626},
      1.5772899629949457: {0: 0.30226810995897901, 1: 0.30310109621470582},
      2.3606797749978972: {0: 0.31312158325601813, 1: 0.30593707680037469},
      3.819660112501051: {0: 0.32640984560647657, 1: 0.32594129083763029},
      6.1803398874989472: {0: 0.3426238903368804, 1: 0.35121406109906278}},
 12: {1.4589803375031547: {0: 0.37512081689537535, 1: 0.35325077796895077},
      1.6468270837225629: {0: 0.36831239264013993, 1: 0.36658280644738805},
      1.7629227575622328: {0: 0.36264172236945824, 1: 0.36149636626783388},
      1.791183439809257: {0: 0.36235165114111634, 1: 0.36235165114111628},
      1.7962556129973413: {0: 0.35662353072389263, 1: 0.32887467607999421},
      1.7995889729734509: {0: 0.36811042533989702, 1: 0.36300838452357043},
      1.8048663770093489: {0: 0.36816319938025593, 1: 0.36306115856392945},
      1.8187988858498816: {0: 0.36892726416045635, 1: 0.36830252446866124},
      1.8552746675429546: {0: 0.36866728228559198, 1: 0.36866728228559192},
      1.9507695037816408: {0: 0.36962223064797883, 1: 0.36825036357482177},
      2.0684120887550144: {0: 0.3707986564977126, 1: 0.3707986564977126},
      2.3606797749978972: {0: 0.37372133336014141, 1: 0.37372133336014141},
      3.819660112501051: {0: 0.38831113673517292, 1: 0.37685757571892969},
      6.1803398874989472: {0: 0.4119179344851519, 1: 0.41191793448515196}},
 13: {0.11896311647446485: {0: 0.32234188678612408, 1: 0.32603769858788184},
      0.16440298356009786: {0: 0.32373816592021498, 1: 0.32373816592021498},
      0.18175946834253204: {0: 0.33010457442412777, 1: 0.32030550408042552},
      0.18838905560420158: {0: 0.3288452669957474, 1: 0.32156545029386147},
      0.19248636586329668: {0: 0.31894997320635277, 1: 0.32211291576323475},
      0.19702763349374239: {0: 0.33111626653887949, 1: 0.31872015754141808},
      0.20437555887181327: {0: 0.32151125054128854, 1: 0.32615020173571962},
      0.22361267725840075: {0: 0.32074179657245239, 1: 0.33260541356022544},
      0.31144948233776149: {0: 0.310226014056109, 1: 0.32476534677725988},
      0.50393584820105808: {0: 0.32791457529662132, 1: 0.32669021043589286},
      0.55728090000841224: {0: 0.32844802581469484, 1: 0.3284480258146949},
      0.90169943749474257: {0: 0.32806607099978163, 1: 0.32959652707569226},
      1.4589803375031547: {0: 0.33363887999986575, 1: 0.33516933607577643},
      2.3606797749978972: {0: 0.34265587437481321, 1: 0.34418633045072383},
      3.819660112501051: {0: 0.35724567774984473, 1: 0.35163400547150575},
      6.1803398874989472: {0: 0.37365933194304374, 1: 0.37524080322148473}},
 14: {0.55728090000841224: {0: 0.34545962111986245, 1: 0.33636065487671635},
      0.80024566758334181: {0: 0.33823735094664065, 1: 0.3317817074647581},
      0.88743914736497342: {0: 0.34160356302282013, 1: 0.34941280917025874},
      0.89625249135460539: {0: 0.34784916129914045, 1: 0.34430896971230163},
      0.90169943749474257: {0: 0.33431202302191898, 1: 0.33431202302191898},
      0.90747563167163048: {0: 0.34264070676404867, 1: 0.34940872009182877},
      0.91682171017545433: {0: 0.34643929919284211, 1: 0.34461714175843977},
      0.94129006135998994: {0: 0.34461214821738173, 1: 0.34643430565178407},
      1.005349036409773: {0: 0.34157949978015795, 1: 0.33554034942613881},
      1.4589803375031547: {0: 0.34575390166740977, 1: 0.34575390166740977},
      2.3606797749978972: {0: 0.36060179983244467, 1: 0.35477089604235712},
      3.819660112501051: {0: 0.37519160320747619, 1: 0.36061434373225748},
      6.1803398874989472: {0: 0.39296749716736762, 1: 0.39421697655095783}},
 15: {0.80574913019815741: {0: 0.37337783545447845, 1: 0.37149980700377244},
      0.93574610782078738: {0: 0.37040494129478435, 1: 0.37335130545904527},
      1.0338772144187831: {0: 0.37333127870259669, 1: 0.37135293634524563},
      1.0582097779427164: {0: 0.37563832435168865, 1: 0.36936962815860391},
      1.0675039901754431: {0: 0.37859465672807679, 1: 0.375731266474016},
      1.0732481292339231: {0: 0.3733232438220222, 1: 0.37217788772039795},
      1.0767982024081697: {0: 0.37582420859634325, 1: 0.37332251931729277},
      1.0825423414666497: {0: 0.37571618252923006, 1: 0.37217599094239123},
      1.0975806927578564: {0: 0.3733182779927316, 1: 0.37508837378615106},
      1.1369516075729964: {0: 0.3764257426479915, 1: 0.37247725685643029},
      1.3037294790662828: {0: 0.37372034352035882, 1: 0.37413683664822217},
      1.4567893188120262: {0: 0.37561537340469664, 1: 0.3780102088899111},
      2.10947860926444: {0: 0.38776492353537662, 1: 0.3859948277419572},
      2.3606797749978972: {0: 0.39121404473040378, 1: 0.40100163323519344},
      3.819660112501051: {0: 0.40590797138740115, 1: 0.40486673856774269},
      6.1803398874989472: {0: 0.42305912565549758, 1: 0.42930652257344848}},
 16: {0.7789613448236461: {0: 0.33596782840185635, 1: 0.32902678423200188},
      0.97419594313943614: {0: 0.32253129695454469, 1: 0.3275812761298883},
      1.0388059091466637: {0: 0.32512119329634237, 1: 0.32512119329634237},
      1.0734477349189206: {0: 0.3239167057933735, 1: 0.3284460685588878},
      1.0866797349315707: {0: 0.32620471758845626, 1: 0.32781862845892695},
      1.0915242111058321: {0: 0.33896201997687014, 1: 0.32781763979031997},
      1.0948575606785274: {0: 0.3251097541837849, 1: 0.3251097541837849},
      1.1012765468550045: {0: 0.32693060162100829, 1: 0.32510064551852919},
      1.2548357581085599: {0: 0.32872142044086911, 1: 0.32507710557206448},
      1.5783586228338726: {0: 0.32938425834019636, 1: 0.3286553953664354},
      2.3606797749978972: {0: 0.33228026713773412, 1: 0.34415032128184064},
      3.819660112501051: {0: 0.35030613881763856, 1: 0.33781134498173687},
      6.1803398874989472: {0: 0.36980006692996664, 1: 0.36980006692996664}},
 17: {0.81088239229616765: {0: 0.36447075645107491, 1: 0.38888766607206621},
      1.1454327643917728: {0: 0.37900951298335961, 1: 0.38265382785216434},
      1.2709187283577372: {0: 0.38328394780002883, 1: 0.38026437262301926},
      1.2996176937833441: {0: 0.3915884301656552, 1: 0.38055136227727532},
      1.310579723133968: {0: 0.39232279015095656, 1: 0.34864307336628342},
      1.3140212769854673: {0: 0.37111605616843857, 1: 0.37423975462741399},
      1.3173546298583274: {0: 0.36281952713989934, 1: 0.3455871239745516},
      1.3217125969129939: {0: 0.37056822967591885, 1: 0.38379188648558138},
      1.3287639357292966: {0: 0.36829596921985025, 1: 0.38459126284750539},
      1.3472245804165686: {0: 0.38555679390912195, 1: 0.38352638991078786},
      1.3955551756620816: {0: 0.38234372335178951, 1: 0.3815107370960627},
      1.5220863167113492: {0: 0.36137871406257377, 1: 0.39599970531621803},
      1.8533491446136385: {0: 0.38973299165438291, 1: 0.38973299165438291},
      2.3606797749978972: {0: 0.39928359908275696, 1: 0.39480629795822564},
      3.819660112501051: {0: 0.38784258196632659, 1: 0.40575178646445242},
      6.1803398874989472: {0: 0.40806537305241558, 1: 0.43237815939144103}},
 18: {0.26404095868594868: {0: 0.32166257450272273, 1: 0.32166257450272273},
      0.36489563048187434: {0: 0.31956041886422415, 1: 0.30485122170140733},
      0.42722724557597175: {0: 0.30721766500120534, 1: 0.31476189581181591},
      0.45718270941054545: {0: 0.31554641906311054, 1: 0.31443737828694135},
      0.4693707177803334: {0: 0.3156074248629353, 1: 0.31008003650648042},
      0.47356998080107787: {0: 0.30575014505241033, 1: 0.31556193284687722},
      0.47690332120803058: {0: 0.30234222790913529, 1: 0.31461061307319149},
      0.48138261015346795: {0: 0.31547729602889302, 1: 0.31465540596264585},
      0.48863025191261727: {0: 0.31821996046539108, 1: 0.31821996046539108},
      0.50760482437635335: {0: 0.30467237500585992, 1: 0.31671664583919329},
      0.55728090000841224: {0: 0.31541438886119527, 1: 0.31747624511102002},
      0.90169943749474257: {0: 0.31885857423605857, 1: 0.31885857423605851},
      1.4589803375031547: {0: 0.32443138323614273, 1: 0.32443138323614273},
      2.3606797749978972: {0: 0.31831165886109009, 1: 0.33344837761109009},
      3.819660112501051: {0: 0.34803818098612166, 1: 0.3480381809861216},
      6.1803398874989472: {0: 0.37164497873610058, 1: 0.34294489193054506}},
 19: {0.55728090000841224: {0: 0.31467392113149928, 1: 0.32892205443379863},
      0.89836609078704521: {0: 0.31077008933970518, 1: 0.32206395883665323},
      0.90169943749474257: {0: 0.30667953229231537, 1: 0.30499603060881364},
      0.90815870655009712: {0: 0.31037343894364622, 1: 0.32818167889286554},
      0.91861002342414122: {0: 0.32073594208711359, 1: 0.32828619206160603},
      0.94597192622758386: {0: 0.32968214554530817, 1: 0.32100956111514806},
      1.0176063177638679: {0: 0.30594025792377533, 1: 0.33029645905561039},
      1.4589803375031547: {0: 0.32700690367091978, 1: 0.31236554054470816},
      2.3606797749978972: {0: 0.30908787110984032, 1: 0.34270688957734358},
      3.819660112501051: {0: 0.3506137014208987, 1: 0.35841902740804282},
      6.1803398874989472: {0: 0.37488369680377231, 1: 0.38090349070235408}},
 20: {2.3606797749978972: {0: 0.31615000000000004, 1: 0.29860000000000003},
      3.7927952421564757: {0: 0.31030000000000002, 1: 0.31489999999999996},
      3.8093986451327821: {0: 0.29860000000000003, 1: 0.32304999999999995},
      3.8157405807408202: {0: 0.31364999999999998, 1: 0.31364999999999998},
      3.819660112501051: {0: 0.30275000000000002, 1: 0.31364999999999998},
      3.8229935024890995: {0: 0.32304999999999995, 1: 0.3206},
      4.0241563980587562: {0: 0.31505000000000005, 1: 0.31364999999999998},
      4.2555175539610373: {0: 0.31490000000000001, 1: 0.31490000000000001},
      4.7213595499957925: {0: 0.30964999999999998, 1: 0.31505000000000005},
      6.1803398874989472: {0: 0.32059999999999994, 1: 0.31700339887498946}},
 21: {0.21286236252208193: {0: 0.30085624717972148, 1: 0.33089994930716699},
      0.29416855007991544: {0: 0.3283601787061336, 1: 0.32755941886366885},
      0.32522475023133401: {0: 0.32393095896344659, 1: 0.32626914580583155},
      0.33708716312775627: {0: 0.32585043170210659, 1: 0.30264897084796616},
      0.34108519904444451: {0: 0.32391876385894858, 1: 0.32652265375160455},
      0.34441853748633033: {0: 0.32068905829644156, 1: 0.32257297735357005},
      0.34894957602417853: {0: 0.32547988416523893, 1: 0.32998069284568804},
      0.35628095038275259: {0: 0.32612001513810035, 1: 0.30528889599685261},
      0.37547473763774891: {0: 0.32662590820597587, 1: 0.32252569028173972},
      0.42572472504416381: {0: 0.29326013916502303, 1: 0.32523865919774186},
      0.55728090000841224: {0: 0.32605785020522643, 1: 0.32670151555763538},
      0.90169943749474257: {0: 0.3078835215896365, 1: 0.33014570093249868},
      1.4589803375031547: {0: 0.33247693271927647, 1: 0.33571850993258284},
      2.3606797749978972: {0: 0.34149392709422388, 1: 0.34473550430753025},
      3.819660112501051: {0: 0.35587116802903856, 1: 0.35932530768256177},
      6.1803398874989472: {0: 0.37947796577901749, 1: 0.37134745244072442}},
 22: {0.34441853748633033: {0: 0.33504986529770991, 1: 0.33702820765506097},
      0.55728090000841224: {0: 0.33264063650919767, 1: 0.31808701889171004},
      0.62473416647192426: {0: 0.33125027326168449, 1: 0.32375339696014349},
      0.63115183735745473: {0: 0.32551675785076833, 1: 0.31947760749674919},
      0.63511817609332322: {0: 0.33103623551234546, 1: 0.32484265340964952},
      0.64331306006382705: {0: 0.33369260581929722, 1: 0.31963131053751298},
      0.68434631967398774: {0: 0.3322807809809965, 1: 0.33002153296098891},
      0.90169943749474257: {0: 0.33445431215920396, 1: 0.33627646959360635},
      1.4589803375031547: {0: 0.34184927859369052, 1: 0.34184927859369052},
      2.3606797749978972: {0: 0.34555598558837963, 1: 0.35086627296863787},
      3.819660112501051: {0: 0.36363391890926705, 1: 0.35363808384054568},
      6.1803398874989472: {0: 0.36386503985791335, 1: 0.37865054589706365}},
 23: {0.55728090000841224: {0: 0.3072700184961274, 1: 0.28749137284813719},
      0.79146073288123353: {0: 0.30961181682485561, 1: 0.30435359108558036},
      0.859591999208142: {0: 0.30779417072094439, 1: 0.31123023902581737},
      0.88561582724844978: {0: 0.30706523782267192, 1: 0.30805440900134745},
      0.89555604504246478: {0: 0.31065276994646795, 1: 0.2888910040156058},
      0.90169943749474257: {0: 0.29769879362525981, 1: 0.28463132173854588},
      0.90703501946856202: {0: 0.30727942974487304, 1: 0.30826860092354857},
      0.91566817245196308: {0: 0.31085389122056289, 1: 0.31085389122056289},
      0.93827006039258454: {0: 0.3110799100999691, 1: 0.30254180097876965},
      0.99744257123104796: {0: 0.30448712875271033, 1: 0.25867327703635712},
      1.4589803375031547: {0: 0.30826952015970466, 1: 0.30504169841876339},
      2.3606797749978972: {0: 0.32072258283952504, 1: 0.30151183731682613},
      3.819660112501051: {0: 0.33447939995882975, 1: 0.29699501845112469},
      6.1803398874989472: {0: 0.35808619770880873, 1: 0.34949602694662629}},
 24: {0.39078841392267782: {0: 0.31819945460447829, 1: 0.31688615166294881},
      0.43782062738979899: {0: 0.31709471962258279, 1: 0.31648921535460406},
      0.49466618538533019: {0: 0.31761883816239322, 1: 0.30078382132737636},
      0.50032432257142945: {0: 0.30741808784008307, 1: 0.31291462577108131},
      0.50382124366544856: {0: 0.30634506728673128, 1: 0.29220278748001743},
      0.50715458447165862: {0: 0.31468281000143528, 1: 0.31263796566784985},
      0.51098161735547876: {0: 0.29819215471043875, 1: 0.31405788269737883},
      0.52256734535809823: {0: 0.30619147620937615, 1: 0.31509201362295147},
      0.55289917505336739: {0: 0.31764000083123972, 1: 0.28510024876699119},
      0.63230893613655526: {0: 0.31527115588518961, 1: 0.31868917445472339},
      0.90169943749474257: {0: 0.32112800345565345, 1: 0.31888333454431789},
      1.4589803375031547: {0: 0.32353786989885563, 1: 0.32430309793681095},
      2.3606797749978972: {0: 0.33571780683068497, 1: 0.33627897405851892},
      3.819660112501051: {0: 0.35030761020571655, 1: 0.34714466764883456},
      6.1803398874989472: {0: 0.37075146539881354, 1: 0.38151567313271828}},
 25: {2.3606797749978972: {0: 0.34311501119758636, 1: 0.34132947910902395},
      3.1536959986789292: {0: 0.35104517343439662, 1: 0.32676193702994816},
      3.4055385523670241: {0: 0.3058133694028663, 1: 0.33254533552877175},
      3.5578524242055822: {0: 0.3550867376896632, 1: 0.35508673768966315},
      3.5611858103598371: {0: 0.32910231826072522, 1: 0.30736984198279438},
      3.5672187112878837: {0: 0.35518040056048622, 1: 0.35518040056048616},
      3.819660112501051: {0: 0.33199315249731948, 1: 0.33750279437059766},
      6.1803398874989472: {0: 0.3652418235255353, 1: 0.31978727807098989}},
 26: {2.3606797749978972: {0: 0.34576780172916477, 1: 0.32648405517269097},
      3.5292082748825413: {0: 0.3583713603735576, 1: 0.33816934017153738},
      3.7087173826256454: {0: 0.3461882859576717, 1: 0.34016849205908983},
      3.7772837604933445: {0: 0.36085211522966565, 1: 0.36085211522966565},
      3.803473786353337: {0: 0.34111605609636675, 1: 0.36111401548826561},
      3.8134774860656155: {0: 0.34121609309348955, 1: 0.36121405248538835},
      3.819660112501051: {0: 0.34107385854772254, 1: 0.32449391772535741},
      3.8229935024890995: {0: 0.34549449986521341, 1: 0.36039093900407682},
      3.8269914868596251: {0: 0.34135123310142973, 1: 0.35379894251883603},
      3.8388538997560473: {0: 0.34565310383788278, 1: 0.3246858555979073},
      3.8699100999074658: {0: 0.34157635842178669, 1: 0.33907661349779933},
      3.9512162874652992: {0: 0.34238942029736497, 1: 0.34800109257570389},
      4.1640786499873812: {0: 0.34451804392258578, 1: 0.35104798984647106},
      4.7213595499957925: {0: 0.33351091210030481, 1: 0.35009085292266995},
      6.1803398874989472: {0: 0.36651720358879414, 1: 0.36488471710782289}},
 27: {1.4589803375031547: {0: 0.28157114018058715, 1: 0.28406679990280936},
      1.4946577057612147: {0: 0.28111411177983431, 1: 0.27709935483539},
      1.4992376479809313: {0: 0.28197371328536491, 1: 0.28446937300758718},
      1.5025710036009943: {0: 0.27886034545267668, 1: 0.28108473781378779},
      1.5059043592210573: {0: 0.28583812345332171, 1: 0.27867666511998834},
      1.5167075319738423: {0: 0.28133461004196064, 1: 0.2788932037919607},
      1.56982187601059: {0: 0.2817572465378837, 1: 0.28647729862121707},
      1.6557626899522031: {0: 0.28684842551063316, 1: 0.28277941509396642},
      1.8807586618721772: {0: 0.28513788175761073, 1: 0.28334751717427731},
      2.3606797749978972: {0: 0.28429473177775683, 1: 0.28722441927775683},
      3.819660112501051: {0: 0.30083766015278834, 1: 0.30767359765278829},
      6.1803398874989472: {0: 0.33128039540276727, 1: 0.32563803429165622}},
 28: {0.90169943749474257: {0: 0.36606875332914018, 1: 0.36606875332914018},
      1.2683170532125347: {0: 0.37744031794417765, 1: 0.37744031794417765},
      1.3861534433108218: {0: 0.37877810367532311, 1: 0.37861868184516051},
      1.431162939216776: {0: 0.34266745891709072, 1: 0.37906877680422002},
      1.4483550368363511: {0: 0.3792406977804158, 1: 0.3792406977804158},
      1.4549218337891228: {0: 0.37930636574994353, 1: 0.37930636574994353},
      1.4589803375031547: {0: 0.36356418960098547, 1: 0.36398931448141908},
      1.4623136924766635: {0: 0.37953970616698152, 1: 0.37938028433681892},
      1.4663117118617288: {0: 0.37942026453066957, 1: 0.37888885843012754},
      1.478174124758151: {0: 0.37953888865963381, 1: 0.38522493393543367},
      1.5092303249095695: {0: 0.3800088724913106, 1: 0.34791194401857178},
      1.5905365124674031: {0: 0.3733822489593005, 1: 0.38066251253672634},
      1.8033988749894849: {0: 0.3750857477040877, 1: 0.38295055799210975},
      2.3606797749978972: {0: 0.38836394516203127, 1: 0.38852336699219386},
      3.0493208710803748: {0: 0.39540977795301863, 1: 0.38329371886066027},
      3.819660112501051: {0: 0.35980357317304967, 1: 0.38908404931291568},
      6.1803398874989472: {0: 0.40626083324633605, 1: 0.43240601339300422}},
 29: {0.90169943749474257: {0: 0.30150664838313207, 1: 0.31808651872004362},
      1.4589803375031547: {0: 0.26621059198168473, 1: 0.26621059198168473},
      1.7466051694844378: {0: 0.25473887558686259, 1: 0.25877756195098206},
      1.781705609833609: {0: 0.30261613738711707, 1: 0.30064993481511154},
      1.7951127850269042: {0: 0.25926263810640676, 1: 0.25841238834553948},
      1.8000655149074236: {0: 0.31589561157951107, 1: 0.31780867354146242},
      1.8033988749894849: {0: 0.25530681264191307, 1: 0.25530681264191307},
      1.807929913527333: {0: 0.30675299436195513, 1: 0.31589317929127814},
      1.8152612878859071: {0: 0.30494394618474352, 1: 0.3223740662825223},
      1.8344550751409034: {0: 0.32236813005965992, 1: 0.31779803759499847},
      1.8847050625473185: {0: 0.26812965238974146, 1: 0.31703852782102104},
      2.0162612375115669: {0: 0.32231190134964838, 1: 0.30264987562959311},
      2.3606797749978972: {0: 0.27522758635663214, 1: 0.30658204079655182},
      3.819660112501051: {0: 0.31527099469365738, 1: 0.30985065246812871},
      6.1803398874989472: {0: 0.32926008927779526, 1: 0.33717804017587161}},
 30: {1.4589803375031547: {0: 0.29593864532993408, 1: 0.30227696725365372},
      1.9612829621579495: {0: 0.30512787775405203, 1: 0.30810379993073161},
      2.2081237674914176: {0: 0.31342905932576615, 1: 0.30710317421200217},
      2.3024085653184061: {0: 0.30590338368399717, 1: 0.31437190730403608},
      2.3384221534659035: {0: 0.29733547210162925, 1: 0.31473204318551101},
      2.3521781200814069: {0: 0.31486960285166604, 1: 0.30487062315571656},
      2.3573464066500245: {0: 0.30767712695804195, 1: 0.30369794116067433},
      2.3606797749978972: {0: 0.30148660593281751, 1: 0.29733322385703009},
      2.3652108135357452: {0: 0.31499992978620944, 1: 0.30867404467244547},
      2.3725421878943194: {0: 0.30170726046684238, 1: 0.31140014894760959},
      2.3917359751493157: {0: 0.30526620170639568, 1: 0.30508439765172973},
      2.4419859625557305: {0: 0.29954484687175659, 1: 0.31270676912458806},
      2.5735421375199787: {0: 0.31402233087423059, 1: 0.30494162482382758},
      2.917960675006309: {0: 0.31746651624909383, 1: 0.30930408384423719},
      3.819660112501051: {0: 0.31954544307991306, 1: 0.32954442277586249},
      6.1803398874989472: {0: 0.34315224082989199, 1: 0.34315224082989204}},
 31: {0.55728090000841224: {0: 0.32599275353165513, 1: 0.32599275353165508},
      0.76285294324431296: {0: 0.32169057571960485, 1: 0.32169057571960485},
      0.84866479590984534: {0: 0.31436809597591586, 1: 0.31989471942155301},
      0.90169943749474257: {0: 0.31777514759941655, 1: 0.31878481919044638},
      0.92399440426149215: {0: 0.31831823380347213, 1: 0.31831823380347213},
      0.93777345150139269: {0: 0.31802986817566808, 1: 0.31802986817566808},
      0.94628937102824162: {0: 0.31785164841649788, 1: 0.31785164841649782},
      0.95155249874129322: {0: 0.31221487910222678, 1: 0.31774150254786393},
      0.95488584618843098: {0: 0.32488523852352741, 1: 0.32458002210936721},
      0.96006841826814227: {0: 0.3249370642443245, 1: 0.32447156209574024},
      1.4589803375031547: {0: 0.32992618343667468, 1: 0.32992618343667468},
      2.3606797749978972: {0: 0.33894317781162209, 1: 0.33894317781162209},
      3.819660112501051: {0: 0.35353298118665361, 1: 0.33557145498833285},
      6.1803398874989472: {0: 0.37713977893663259, 1: 0.37713977893663259}},
 32: {1.4589803375031547: {0: 0.37124539013715152, 1: 0.37531440055381815},
      2.324252533695343: {0: 0.37663572811096024, 1: 0.36715528575362005},
      2.3467658069367157: {0: 0.36843407327488742, 1: 0.37434770174710968},
      2.3520317438478626: {0: 0.36802986604958976, 1: 0.37662415344006339},
      2.3553651121169064: {0: 0.34695859903783577, 1: 0.35736278189772908},
      2.3606797749978972: {0: 0.37190049801041758, 1: 0.36751955816664561},
      2.3665278575694977: {0: 0.37164704940902837, 1: 0.37433946755934611},
      2.3759902539393627: {0: 0.37661417072752523, 1: 0.37661417072752523},
      2.917960675006309: {0: 0.37309236716672972, 1: 0.3639235303611742},
      3.819660112501051: {0: 0.38210936154167713, 1: 0.38210936154167718},
      6.1803398874989472: {0: 0.40571615929165611, 1: 0.40571615929165611}},
 33: {0.14896525088257392: {0: 0.32298895267980327, 1: 0.31431636824964315},
      0.26976202521656989: {0: 0.3168759037968405, 1: 0.31687590379684044},
      0.34441853748633033: {0: 0.30366001934416431, 1: 0.31126128452118706},
      0.36361232474132665: {0: 0.32207398871036957, 1: 0.31911510696360901},
      0.37094369909990071: {0: 0.3168743917269779, 1: 0.31168821466674634},
      0.37547473763774891: {0: 0.30120684420056515, 1: 0.3096896525741305},
      0.3788080765402726: {0: 0.32395928782820371, 1: 0.31462370978284993},
      0.38280611199632297: {0: 0.31115518789010754, 1: 0.31115518789010754},
      0.39466852489274523: {0: 0.31811985779687901, 1: 0.31759497585332586},
      0.42572472504416381: {0: 0.32089363662097803, 1: 0.31273120421612144},
      0.55728090000841224: {0: 0.31242925222016366, 1: 0.31322679977619561},
      0.90169943749474257: {0: 0.29868131434229772, 1: 0.31934247136709115},
      1.4589803375031547: {0: 0.32144624659511112, 1: 0.32542543239247879},
      2.3606797749978972: {0: 0.33444242676742619, 1: 0.33342212271681915},
      3.819660112501051: {0: 0.34505304434509004, 1: 0.34893019973739697},
      6.1803398874989472: {0: 0.36549689953818704, 1: 0.37263902789243669}},
 34: {2.3606797749978972: {0: 0.30118922857850827, 1: 0.3006790765532048},
      3.2335037352429494: {0: 0.29159429661168879, 1: 0.30848032864923586},
      3.4467757025789072: {0: 0.28974783048768071, 1: 0.35423104648604831},
      3.6772309417857407: {0: 0.31725389292974393, 1: 0.2955214166518132},
      3.7316340440095281: {0: 0.35845704036867404, 1: 0.35707962990035447},
      3.7524141799655797: {0: 0.29627324903361152, 1: 0.34121764246285347},
      3.7603514856099478: {0: 0.31869728079835025, 1: 0.2963526220900552},
      3.7652570102772636: {0: 0.28767807770403786, 1: 0.29691182936203192},
      3.7685903994583834: {0: 0.31816748750647034, 1: 0.3399509789869315},
      3.7731943159216317: {0: 0.35749523261947541, 1: 0.35509751810054885},
      3.7860371462333156: {0: 0.35900107139091192, 1: 0.29711963072159248},
      3.819660112501051: {0: 0.29347667458690213, 1: 0.29694570835896622},
      3.8229935024890995: {0: 0.35824830049780187, 1: 0.31983385299244527},
      4.7213595499957925: {0: 0.30300382098715306, 1: 0.30300382098715306},
      6.1803398874989472: {0: 0.38156668833524859, 1: 0.38156668833524859}},
 35: {2.3606797749978972: {0: 0.29975000000000007, 1: 0.31060000000000004},
      3.2879993391548847: {0: 0.3086000000000001, 1: 0.3086000000000001},
      3.3026765642155644: {0: 0.3086000000000001, 1: 0.3106000000000001},
      3.3173537892762441: {0: 0.3086000000000001, 1: 0.30082353789276245},
      3.3453463612649079: {0: 0.29600346361264901, 1: 0.3086000000000001},
      3.3527051892206194: {0: 0.31040000000000001, 1: 0.29965000000000003},
      3.3560385723320492: {0: 0.30121038572332048, 1: 0.29611038572332049},
      3.36264672218643: {0: 0.3086000000000001, 1: 0.3012764672218643},
      3.3733389332535713: {0: 0.3086000000000001, 1: 0.31040000000000001},
      3.3906392941750938: {0: 0.31060000000000004, 1: 0.30445},
      3.5092177319841298: {0: 0.31080000000000002, 1: 0.30580000000000007},
      3.819660112501051: {0: 0.30915000000000004, 1: 0.3058466011250105},
      6.1803398874989472: {0: 0.32945339887498948, 1: 0.32945339887498948}},
 36: {0.82943611284255825: {0: 0.29421569047966728, 1: 0.30603515028114059},
      1.1462525164518222: {0: 0.28837947268148678, 1: 0.29960281723816468},
      1.2672656144370562: {0: 0.28765705697206106, 1: 0.29704385423764618},
      1.3134885047834941: {0: 0.29610538949424881, 1: 0.29620741989930949},
      1.3420558220758523: {0: 0.28440407223396857, 1: 0.28613858912000062},
      1.3557815254816392: {0: 0.28585991574782255, 1: 0.2953487434184684},
      1.359114878973904: {0: 0.28528208654555481, 1: 0.28579223857085834},
      1.3630775579535974: {0: 0.29520061185009827, 1: 0.28571178417945242},
      1.3867170128509703: {0: 0.2947206592809698, 1: 0.29461862887590912},
      1.4589803375031547: {0: 0.28624575684916687, 1: 0.29325349481075885},
      2.3606797749978972: {0: 0.29587493365447859, 1: 0.28985513975589672},
      3.819660112501051: {0: 0.30444494313092824, 1: 0.30893428095359943},
      6.1803398874989472: {0: 0.32805174088090716, 1: 0.32805174088090722}},
 37: {1.4589803375031547: {0: 0.30311541770239514, 1: 0.32545193654086779},
      2.2541105497750169: {0: 0.27582098887967443, 1: 0.32455068483969102},
      2.3606797749978972: {0: 0.31213241207734255, 1: 0.31213241207734255},
      2.3701179712225446: {0: 0.32513808100335417, 1: 0.3257107590541663},
      2.3759510972818676: {0: 0.30957791996907025, 1: 0.27375951097281875},
      2.3795561674471921: {0: 0.31232117600183551, 1: 0.32580514101641278},
      2.3853892935065151: {0: 0.27494718739570667, 1: 0.30967230193131667},
      2.4035711867717415: {0: 0.30985412086396896, 1: 0.27731559524964167},
      2.411327711378727: {0: 0.31263889144115081, 1: 0.31263889144115081},
      2.4729709488472893: {0: 0.31325532381583648, 1: 0.31325532381583648},
      2.6136803795935655: {0: 0.3064366788479973, 1: 0.3146624181232992},
      3.819660112501051: {0: 0.32620159904254481, 1: 0.32672221545237407},
      6.1803398874989472: {0: 0.33788628100743423, 1: 0.31289669333563097}},
 38: {0.55728090000841224: {0: 0.328754117029877, 1: 0.30564423028362664},
      0.90169943749474257: {0: 0.30699679235474536, 1: 0.31036379572174871},
      0.96360922190773135: {0: 0.33235826342609703, 1: 0.30833010303430031},
      0.97753116228349535: {0: 0.30795917041275439, 1: 0.32292952190075902},
      0.98913447574424163: {0: 0.31899245688885758, 1: 0.33563113527895244},
      0.9929723697341668: {0: 0.31823456355004215, 1: 0.31313304329700675},
      0.99630571784510202: {0: 0.30743270313294546, 1: 0.3100344784619935},
      1.000737789204988: {0: 0.3101298143781227, 1: 0.33686178050402826},
      1.0079090313058483: {0: 0.30869321192317178, 1: 0.31015051159660095},
      1.0330463736544089: {0: 0.31381990358962031, 1: 0.31935285012652614},
      1.0737194479612218: {0: 0.32529693328177528, 1: 0.30892105326953173},
      1.1802029389234083: {0: 0.31192446587530692, 1: 0.30978182736903204},
      1.4589803375031547: {0: 0.32879243575948214, 1: 0.31267163175989027},
      2.3606797749978972: {0: 0.3360749132483975, 1: 0.32735131361570702},
      3.819660112501051: {0: 0.35066471662342896, 1: 0.33617639910480851},
      6.1803398874989472: {0: 0.37274105829749737, 1: 0.37274105829749737}},
 39: {0.54008135628889842: {0: 0.28203431089053904, 1: 0.29067654329370446},
      0.55728090000841224: {0: 0.29033112124446703, 1: 0.29014651653826634},
      0.62321467358001292: {0: 0.28695369733294224, 1: 0.28100304385296687},
      0.64839913407782479: {0: 0.30187725298804741, 1: 0.28795434839640499},
      0.65801874199965982: {0: 0.28360902745583583, 1: 0.29771035852412336},
      0.66396398665380163: {0: 0.28395061320304182, 1: 0.28165990099979316},
      0.66902447962592715: {0: 0.30655859142231712, 1: 0.2979163590191517},
      0.67721252925465614: {0: 0.2979146879886152, 1: 0.2979146879886152},
      0.69864912148423963: {0: 0.30290823070823525, 1: 0.29655671050831856},
      0.75477084854426124: {0: 0.27281528734536031, 1: 0.29279343943088199},
      0.90169943749474257: {0: 0.29426272532038678, 1: 0.29197201311713816},
      1.4589803375031547: {0: 0.3157663964612456, 1: 0.31576639646124566},
      2.3606797749978972: {0: 0.32124319924935424, 1: 0.31947310345593483},
      3.819660112501051: {0: 0.33583300262438576, 1: 0.33166807134575188},
      6.1803398874989472: {0: 0.35668053340226974, 1: 0.36297999196120351}}}
