{1: {0.34441853748633033: {0: 0.31903373594335693, 1: 0.29940649729279467},
     0.45310803370894859: {0: 0.31679508538109125, 1: 0.31091211995002077},
     0.51749040578751559: {0: 0.3153373594335694, 1: 0.31903373594335693},
     0.53006906678359111: {0: 0.31091211995002077, 1: 0.30388379841732605},
     0.53450976550129248: {0: 0.3070074968763015, 1: 0.31091211995002077},
     0.53784310681212832: {0: 0.3076322365680966, 1: 0.3076322365680966},
     0.5422286293932983: {0: 0.31903373594335693, 1: 0.3140358184089963},
     0.55728090000841224: {0: 0.31903373594335693, 1: 0.31903373594335693},
     0.5614540440148349: {0: 0.31887755102040816, 1: 0.3096626405664306},
     0.90169943749474257: {0: 0.30966264056643067, 1: 0.30700749687630147},
     1.4589803375031547: {0: 0.30966264056643067, 1: 0.31065181174510614},
     2.3606797749978972: {0: 0.3014889629321116, 1: 0.3096626405664306},
     3.819660112501051: {0: 0.31091211995002077, 1: 0.30820491461890875},
     6.1803398874989472: {0: 0.3002394835485215, 1: 0.31091211995002077}},
 2: {3.819660112501051: {0: 0.3539944903581267, 1: 0.35399449035812675},
     6.1803398874989472: {0: 0.3528721559024589, 1: 0.35399449035812675},
     6.9139158836625736: {0: 0.2836955412712988, 1: 0.35399449035812675},
     7.017821884710802: {0: 0.2836955412712988, 1: 0.34858687888990914},
     7.0575104454761437: {0: 0.35399449035812675, 1: 0.28563411896745233},
     7.0726701267239385: {0: 0.3539944903581267, 1: 0.3528721559024589},
     7.0784606097019811: {0: 0.2836955412712988, 1: 0.28369554127129887},
     7.0820393249936897: {0: 0.2762473217018672, 1: 0.3467503315988164},
     7.0861973898569985: {0: 0.3528721559024589, 1: 0.3528721559024589},
     7.092925280133259: {0: 0.3539944903581267, 1: 0.28563411896745233},
     7.1105391255490895: {0: 0.3539944903581267, 1: 0.3595041322314049},
     7.156652771520319: {0: 0.35399449035812675, 1: 0.34787266605448425},
     7.2773798640181768: {0: 0.35562697683909805, 1: 0.3528721559024589},
     7.6393202250021019: {0: 0.2746148352208959, 1: 0.35399449035812675},
     8.5410196624968453: {0: 0.2746148352208959, 1: 0.2836955412712988}},
 3: {0.34441853748633033: {0: 0.36348331802877254, 1: 0.34991327415569834},
     0.47597471245057876: {0: 0.3188450158147128, 1: 0.3303234363840424},
     0.5167139760096664: {0: 0.33032343638404243, 1: 0.33032343638404243},
     0.52019189762078766: {0: 0.32950719314355675, 1: 0.32573206815631056},
     0.52560311014290284: {0: 0.3295071931435568, 1: 0.3434853586368738},
     0.53435863592403421: {0: 0.3512396694214876, 1: 0.33032343638404243},
     0.55728090000841224: {0: 0.3295071931435568, 1: 0.32573206815631056},
     0.65257909363633204: {0: 0.33032343638404243, 1: 0.3312417100295888},
     0.90169943749474257: {0: 0.32318130802979284, 1: 0.32685440261197835},
     1.4589803375031547: {0: 0.32277318640955005, 1: 0.33006836037139065},
     2.3606797749978972: {0: 0.33032343638404243, 1: 0.3115498418528721},
     3.819660112501051: {0: 0.33006836037139065, 1: 0.32277318640955},
     6.1803398874989472: {0: 0.3267523722069176, 1: 0.32042648709315374}},
 4: {1.4177441212951876: {0: 0.28332409972299166, 1: 0.30016620498614954},
     1.4432295044791505: {0: 0.32930747922437675, 1: 0.300387811634349},
     1.4492457873431959: {0: 0.32592797783933514, 1: 0.3027146814404432},
     1.4529640546391094: {0: 0.28116343490304707, 1: 0.2938504155124654},
     1.4589803375031547: {0: 0.32592797783933514, 1: 0.28332409972299166},
     1.4680611507923742: {0: 0.30991689750692525, 1: 0.2929085872576177},
     1.4827542153398232: {0: 0.31423822714681443, 1: 0.3012188365650969},
     1.521221157723941: {0: 0.29512465373961216, 1: 0.32930747922437675},
     1.6219289203288447: {0: 0.294404432132964, 1: 0.3022160664819945},
     1.8855852657594385: {0: 0.2938504155124654, 1: 0.2753462603878116},
     2.3606797749978972: {0: 0.2531301939058172, 1: 0.29157894736842105},
     3.819660112501051: {0: 0.2929085872576177, 1: 0.30659279778393345},
     6.1803398874989472: {0: 0.2929085872576177, 1: 0.3076454293628808}},
 5: {0.55728090000841224: {0: 0.3521628228292061, 1: 0.36677649059411205},
     0.77014326253049414: {0: 0.36677649059411205, 1: 0.3595493676267404},
     0.8203932499369091: {0: 0.36677649059411205, 1: 0.35938994579657774},
     0.85144945008832762: {0: 0.34716760548411096, 1: 0.356839196513976},
     0.86730989109626444: {0: 0.36167499202890846, 1: 0.35535125943245827},
     0.87064323734332394: {0: 0.3526942289297481, 1: 0.3498246359868211},
     0.87397658359038344: {0: 0.3566797746838134, 1: 0.364704006801998},
     0.90169943749474257: {0: 0.3566797746838134, 1: 0.35938994579657774},
     0.93862014133818406: {0: 0.35630779041343397, 1: 0.36470400680199805},
     1.4589803375031547: {0: 0.338293123605059, 1: 0.35535125943245827},
     2.3606797749978972: {0: 0.3543947284514827, 1: 0.3563077904134339},
     3.819660112501051: {0: 0.35535125943245827, 1: 0.3543947284514826},
     6.1803398874989472: {0: 0.3498246359868212, 1: 0.35705175895419283}},
 6: {1.4589803375031547: {0: 0.32476277930823383, 1: 0.34828078767472703},
     2.0162612375115669: {0: 0.34828078767472703, 1: 0.34828078767472703},
     2.3543720433668351: {0: 0.32761963064993366, 1: 0.3482807876747271},
     2.3606797749978972: {0: 0.34828078767472703, 1: 0.3482807876747271},
     2.3640131433457698: {0: 0.3269564330170391, 1: 0.32807876747270687},
     2.3692537059893781: {0: 0.34828078767472703, 1: 0.32761963064993366},
     2.3831266177507908: {0: 0.32476277930823383, 1: 0.34828078767472703},
     2.4194463722650967: {0: 0.33267013570043874, 1: 0.32761963064993366},
     2.5145327240466018: {0: 0.30680542801754923, 1: 0.3293541475359657},
     2.6746305824249466: {0: 0.32761963064993366, 1: 0.32476277930823383},
     3.819660112501051: {0: 0.33267013570043874, 1: 0.32476277930823383},
     6.1803398874989472: {0: 0.2823691460055097, 1: 0.27935924905621884}},
 7: {0.55728090000841224: {0: 0.32858891949801045, 1: 0.3189980614223038},
     0.86144588074495865: {0: 0.3284868890929497, 1: 0.32736455463728187},
     0.87682137125530335: {0: 0.3273645546372819, 1: 0.3189980614223038},
     0.88269428603655353: {0: 0.32649729619426593, 1: 0.32920110192837476},
     0.88632394698439787: {0: 0.30670339761248855, 1: 0.3189980614223038},
     0.89219686176564805: {0: 0.3295582083460871, 1: 0.3273645546372819},
     0.90169943749474257: {0: 0.3178757269666361, 1: 0.3224670951943679},
     0.93275563764616121: {0: 0.3273645546372819, 1: 0.3061422303846547},
     0.98300562505257605: {0: 0.3205795327007448, 1: 0.3292011019283747},
     1.1145618000168245: {0: 0.3284868890929497, 1: 0.3284868890929497},
     1.4589803375031547: {0: 0.3273645546372819, 1: 0.30670339761248855},
     2.3606797749978972: {0: 0.3284868890929497, 1: 0.32736455463728187},
     3.819660112501051: {0: 0.32787470666258545, 1: 0.3273645546372819},
     6.1803398874989472: {0: 0.3189980614223038, 1: 0.32858891949801045}},
 8: {1.4589803375031547: {0: 0.29758433985839233, 1: 0.3217930029154519},
     2.0048203284182948: {0: 0.29669929196168265, 1: 0.2735839233652645},
     2.2247535616222165: {0: 0.27717617659308624, 1: 0.29940649729279467},
     2.3087605814504579: {0: 0.3002915451895044, 1: 0.27717617659308624},
     2.3408484077312597: {0: 0.27717617659308624, 1: 0.28519366930445644},
     2.353104866745424: {0: 0.27717617659308624, 1: 0.27717617659308624},
     2.3573464066500245: {0: 0.2786339025406081, 1: 0.27717617659308624},
     2.3606797749978972: {0: 0.28665139525197836, 1: 0.29315910037484383},
     2.3640131433457698: {0: 0.2851936693044565, 1: 0.27717617659308624},
     2.3683306649571243: {0: 0.2735839233652645, 1: 0.27717617659308624},
     2.3807100649553385: {0: 0.27717617659308624, 1: 0.30273844231570185},
     2.4131197549109942: {0: 0.27717617659308624, 1: 0.2735839233652645},
     2.4979694247797468: {0: 0.27717617659308624, 1: 0.27717617659308624},
     3.819660112501051: {0: 0.2718138275718451, 1: 0.27717617659308624},
     6.1803398874989472: {0: 0.2735839233652645, 1: 0.27717617659308624}},
 9: {1.0148359719149012: {0: 0.3557290072441588, 1: 0.35838179777573714},
     1.4710335484626982: {0: 0.3220589735741251, 1: 0.3463422099785736},
     1.5289025611441849: {0: 0.3388939904091419, 1: 0.32195694316906437},
     1.6469238633531535: {0: 0.3463422099785736, 1: 0.3463422099785736},
     1.6502572211637572: {0: 0.3311906948270585, 1: 0.3306295275992246},
     1.6535905789743608: {0: 0.31767166615651465, 1: 0.3134884195490256},
     1.6586734918727819: {0: 0.3273135394347516, 1: 0.33440465258647073},
     1.6722913039385039: {0: 0.33348637894092437, 1: 0.3583817977757372},
     1.846613185768613: {0: 0.3195082134476074, 1: 0.3388939904091419},
     2.3606797749978972: {0: 0.3463422099785736, 1: 0.338893990409142},
     3.819660112501051: {0: 0.33736353433323135, 1: 0.3263442505866748},
     6.1803398874989472: {0: 0.3293541475359657, 1: 0.3311906948270585}},
 10: {0.34441853748633033: {0: 0.3590711021362525, 1: 0.36178127324901693},
      0.45497311252211964: {0: 0.3627378042299925, 1: 0.36247210117972156},
      0.48880570680737112: {0: 0.3520034009990434, 1: 0.3627378042299926},
      0.49675513037405039: {0: 0.36178127324901693, 1: 0.35721118078435543},
      0.50166814432922757: {0: 0.35907110213625254, 1: 0.35652035285365075},
      0.50500148510350196: {0: 0.36178127324901693, 1: 0.3624721011797215},
      0.51732702896125371: {0: 0.36247210117972156, 1: 0.32840897013497716},
      0.55728090000841224: {0: 0.3541290254012116, 1: 0.33887767031565524},
      0.90169943749474257: {0: 0.3457328090126474, 1: 0.3481241364650866},
      1.4589803375031547: {0: 0.3457328090126474, 1: 0.34573280901264747},
      2.3606797749978972: {0: 0.3439260282708045, 1: 0.3437134658305877},
      3.819660112501051: {0: 0.3421192475289616, 1: 0.3437134658305877},
      6.1803398874989472: {0: 0.3437134658305877, 1: 0.3437134658305877}},
 11: {0.39375145483294816: {0: 0.30903790087463556, 1: 0.34470012494793845},
      0.90169943749474257: {0: 0.2836318200749688, 1: 0.31086005830903796},
      1.1145618000168245: {0: 0.30872553102873806, 1: 0.3115889212827988},
      1.1284800462317874: {0: 0.2783215326947105, 1: 0.28160141607663475},
      1.133748645257439: {0: 0.30981882548937945, 1: 0.30804872969596},
      1.137081995456424: {0: 0.30804872969596003, 1: 0.2715014577259475},
      1.14316586243236: {0: 0.2797792586422324, 1: 0.3124219075385256},
      1.1530097659824574: {0: 0.27977925864223246, 1: 0.2816014160766347},
      1.1818415879767312: {0: 0.3108600583090379, 1: 0.30940233236151604},
      1.2600362211960356: {0: 0.3171074552269888, 1: 0.27832153269471055},
      1.4589803375031547: {0: 0.3080487296959601, 1: 0.28160141607663475},
      2.3606797749978972: {0: 0.2836318200749688, 1: 0.24057684298209084},
      3.819660112501051: {0: 0.2688983756768013, 1: 0.28295501874219076},
      6.1803398874989472: {0: 0.2799354435651812, 1: 0.28160141607663475}},
 12: {1.4589803375031547: {0: 0.3501145356101624, 1: 0.3903061224489796},
      1.7629227575622308: {0: 0.36500416493127863, 1: 0.3501145356101624},
      1.8940106218906136: {0: 0.3501145356101624, 1: 0.3386609745939192},
      1.9290895400627073: {0: 0.3686484798000833, 1: 0.3686484798000833},
      1.9424884945158707: {0: 0.35011453561016237, 1: 0.3686484798000833},
      1.9474361415137165: {0: 0.3501145356101625, 1: 0.36500416493127863},
      1.9507695037816375: {0: 0.3438671386922115, 1: 0.34501249479383594},
      1.9573255003449652: {0: 0.3686484798000833, 1: 0.3386609745939192},
      1.9679333256145568: {0: 0.3501145356101625, 1: 0.3450124947938359},
      1.9957049727170677: {0: 0.35011453561016237, 1: 0.3501145356101624},
      2.068412088755009: {0: 0.3450124947938359, 1: 0.3501145356101624},
      2.3606797749978972: {0: 0.35011453561016237, 1: 0.3501145356101625},
      3.819660112501051: {0: 0.3501145356101624, 1: 0.3501145356101625},
      6.1803398874989472: {0: 0.3501145356101625, 1: 0.3501145356101625}},
 13: {0.34441853748633033: {0: 0.3228752168146108, 1: 0.32787470666258545},
      0.36287962515787342: {0: 0.32129374553616974, 1: 0.31797775737169676},
      0.37428920480817868: {0: 0.31736557494133255, 1: 0.32057953270074485},
      0.38088719855326203: {0: 0.32287521681461073, 1: 0.3320579532700745},
      0.38496498294528275: {0: 0.31904907662483417, 1: 0.31063156820732574},
      0.3915629766903661: {0: 0.3228752168146108, 1: 0.32527293133353735},
      0.40223875482747018: {0: 0.3179777573716968, 1: 0.32287521681461073},
      0.44746207672894911: {0: 0.3228752168146108, 1: 0.3228752168146108},
      0.55728090000841224: {0: 0.3169574533210897, 1: 0.32129374553616974},
      0.90169943749474257: {0: 0.31986531986531985, 1: 0.32195694316906437},
      1.1188050619187546: {0: 0.32119171513110906, 1: 0.32057953270074485},
      1.4589803375031547: {0: 0.3169574533210897, 1: 0.3169574533210897},
      2.3606797749978972: {0: 0.3190490766248342, 1: 0.3198653198653199},
      3.819660112501051: {0: 0.3205795327007448, 1: 0.3252729313335374},
      6.1803398874989472: {0: 0.3228242016120804, 1: 0.32358942965003573}},
 14: {0.90169943749474257: {0: 0.3495939192003332, 1: 0.34803206997084546},
      1.1950339413904298: {0: 0.34699083715118695, 1: 0.33116409829237814},
      1.358161785396137: {0: 0.3369950020824657, 1: 0.34803206997084546},
      1.4204710772948264: {0: 0.34699083715118706, 1: 0.3445960016659726},
      1.4442711089851872: {0: 0.346990837151187, 1: 0.3369950020824657},
      1.4533619121575803: {0: 0.33699500208246563, 1: 0.350374843815077},
      1.4589803375031547: {0: 0.3236672219908371, 1: 0.3297063723448563},
      1.4652969653016317: {0: 0.33116409829237814, 1: 0.33116409829237814},
      1.4755174837738501: {0: 0.33116409829237814, 1: 0.33449604331528526},
      1.5022751485167636: {0: 0.33699500208246563, 1: 0.33116409829237814},
      2.3606797749978972: {0: 0.31929404414827156, 1: 0.33116409829237814},
      3.819660112501051: {0: 0.3369950020824657, 1: 0.31731570179092045},
      6.1803398874989472: {0: 0.3410558100791337, 1: 0.3369950020824657}},
 15: {0.90169943749474257: {0: 0.36344231570179086, 1: 0.3677113702623907},
      0.96749912003395067: {0: 0.3765618492294877, 1: 0.37437526030820495},
      0.98861025936720215: {0: 0.3728134110787171, 1: 0.3807267805081216},
      0.9926323623149752: {0: 0.3605268638067472, 1: 0.36214077467721784},
      0.99856551598826881: {0: 0.3677113702623907, 1: 0.36771137026239065},
      1.0081655602921342: {0: 0.3727092877967514, 1: 0.3759371095376926},
      1.02671183314337: {0: 0.3666701374427322, 1: 0.37270928779675133},
      1.0567203329812986: {0: 0.35891295293627656, 1: 0.3690649729279467},
      1.1352836055083917: {0: 0.3677113702623907, 1: 0.36771137026239065},
      1.4589803375031547: {0: 0.3578196584756351, 1: 0.36344231570179086},
      2.3606797749978972: {0: 0.36547271970012496, 1: 0.363338192419825},
      3.819660112501051: {0: 0.36833610995418575, 1: 0.36344231570179086},
      6.1803398874989472: {0: 0.37000208246563926, 1: 0.3667742607246981}},
 16: {1.4589803375031547: {0: 0.3291857559350271, 1: 0.3253331945022907},
      1.6201252482514081: {0: 0.32533319450229076, 1: 0.32397959183673475},
      1.7467149759493112: {0: 0.32554144106622246, 1: 0.31403581840899625},
      1.8221168892922883: {0: 0.3289775093710954, 1: 0.3286651395251978},
      1.8509178573725313: {0: 0.3291857559350271, 1: 0.3253331945022907},
      1.8577168436572702: {0: 0.3003436068304873, 1: 0.3170553935860058},
      1.8619188482702833: {0: 0.3239795918367347, 1: 0.3206476468138276},
      1.8652522092203361: {0: 0.3049250312369846, 1: 0.30034360683048733},
      1.8687178345550224: {0: 0.3253331945022907, 1: 0.3239795918367347},
      1.8791898526463842: {0: 0.30867346938775514, 1: 0.3234069137859225},
      1.8961339338490113: {0: 0.3253331945022907, 1: 0.32642648896293214},
      1.9404941143456276: {0: 0.31210953769262806, 1: 0.32533319450229076},
      2.056630574632849: {0: 0.3079966680549771, 1: 0.3049250312369846},
      2.3606797749978972: {0: 0.3079966680549771, 1: 0.29794877134527287},
      3.819660112501051: {0: 0.3140878800499792, 1: 0.31570179092044975},
      6.1803398874989472: {0: 0.3205435235318617, 1: 0.30950645564348184}},
 17: {0.90169943749474257: {0: 0.37859225322782175, 1: 0.37161599333611},
      1.1890491980752609: {0: 0.35735110370678885, 1: 0.37567680133277803},
      1.2349871770055392: {0: 0.37119950020824666, 1: 0.37119950020824655},
      1.2591537760702778: {0: 0.38077884214910457, 1: 0.3448042482299043},
      1.2633784093589275: {0: 0.35912119950020827, 1: 0.36755518533944187},
      1.2667117614311909: {0: 0.3720845481049563, 1: 0.35750728862973763},
      1.2878272699490492: {0: 0.3720845481049563, 1: 0.34964598084131615},
      1.3273863573700739: {0: 0.3811953352769679, 1: 0.3700541441066222},
      1.4589803375031547: {0: 0.3720845481049563, 1: 0.3468867138692212},
      2.3606797749978972: {0: 0.3748438150770512, 1: 0.3680758017492711},
      3.819660112501051: {0: 0.37921699291961686, 1: 0.36125572678050816},
      6.1803398874989472: {0: 0.37859225322782175, 1: 0.3612557267805081}},
 18: {0.55728090000841224: {0: 0.3207465277777778, 1: 0.3235134548611111},
      0.67831738318949231: {0: 0.3212348090277778, 1: 0.3212348090277778},
      0.73896419736892605: {0: 0.30712890625, 1: 0.30712890625},
      0.7477142275930545: {0: 0.30712890625, 1: 0.3056098090277778},
      0.75312204367415481: {0: 0.3056098090277778, 1: 0.3212348090277778},
      0.75645538817809321: {0: 0.3235134548611111, 1: 0.3056098090277778},
      0.76012807033279572: {0: 0.3056098090277778, 1: 0.3235134548611111},
      0.77146405959256459: {0: 0.3056098090277778, 1: 0.3056098090277778},
      0.90169943749474257: {0: 0.3056098090277778, 1: 0.3056098090277778},
      0.93361252550981821: {0: 0.30712890625000006, 1: 0.30712890625000006},
      1.4589803375031547: {0: 0.3056098090277778, 1: 0.3056098090277778},
      2.3606797749978972: {0: 0.3056098090277778, 1: 0.3056098090277778},
      3.819660112501051: {0: 0.3056098090277778, 1: 0.3056098090277778},
      6.1803398874989472: {0: 0.3056098090277778, 1: 0.3056098090277778}},
 19: {0.34441853748633033: {0: 0.3200693806754413, 1: 0.34164881134578107},
      0.55728090000841224: {0: 0.3471584532190592, 1: 0.34164881134578107},
      0.58930180845435909: {0: 0.32006938067544133, 1: 0.34583205795327},
      0.6081691151057611: {0: 0.34164881134578107, 1: 0.3261912049790838},
      0.61150245750914167: {0: 0.3392000816243241, 1: 0.32634425058667493},
      0.61483579991252224: {0: 0.3261912049790838, 1: 0.3261912049790838},
      0.63258243254333757: {0: 0.34164881134578107, 1: 0.32006938067544133},
      0.66669054863066568: {0: 0.3124171002958882, 1: 0.34307723701663095},
      0.90169943749474257: {0: 0.3124171002958882, 1: 0.3124171002958882},
      1.4589803375031547: {0: 0.3124171002958882, 1: 0.3124171002958882},
      2.3606797749978972: {0: 0.3124171002958882, 1: 0.3124171002958882},
      3.819660112501051: {0: 0.3124171002958882, 1: 0.3124171002958882},
      6.1803398874989472: {0: 0.3124171002958882, 1: 0.3124171002958882}},
 20: {2.3606797749978972: {0: 0.31505000000000005, 1: 0.31505000000000005},
      3.5555084063861688: {0: 0.32084999999999997, 1: 0.31365},
      3.7187631389514393: {0: 0.29764999999999997, 1: 0.31505000000000005},
      3.7811208979670985: {0: 0.31505000000000005, 1: 0.30275},
      3.7933527521067756: {0: 0.3150500000000001, 1: 0.31505000000000005},
      3.7975790640005513: {0: 0.32084999999999997, 1: 0.32304999999999995},
      3.8009124537105272: {0: 0.30275, 1: 0.30275},
      3.8049394424488052: {0: 0.31365, 1: 0.31365},
      3.819660112501051: {0: 0.31489999999999996, 1: 0.31365},
      3.8388538997560473: {0: 0.32304999999999995, 1: 0.31615000000000004},
      3.8699100999074658: {0: 0.32304999999999995, 1: 0.32304999999999995},
      3.9512162874652992: {0: 0.32304999999999995, 1: 0.31365},
      4.1640786499873812: {0: 0.31505000000000005, 1: 0.31615000000000004},
      4.7213595499957925: {0: 0.31505000000000005, 1: 0.32304999999999995},
      6.1803398874989472: {0: 0.3149, 1: 0.25384999999999996}},
 21: {0.55728090000841224: {0: 0.3343075778509937, 1: 0.32708045488362203},
      0.74847812152230142: {0: 0.32569879902221277, 1: 0.3166648953129982},
      0.80822940735505377: {0: 0.3166648953129982, 1: 0.31767456690402807},
      0.81156275272580802: {0: 0.3166648953129982, 1: 0.31746200446381123},
      0.81489609809656227: {0: 0.30768413221383784, 1: 0.3211287065575513},
      0.90169943749474257: {0: 0.3170368795833776, 1: 0.3166648953129982},
      1.4589803375031547: {0: 0.317674566904028, 1: 0.3166648953129982},
      2.3606797749978972: {0: 0.3138484429801254, 1: 0.3170368795833776},
      3.819660112501051: {0: 0.29955361887554466, 1: 0.3170368795833776},
      6.1803398874989472: {0: 0.3170368795833776, 1: 0.3170368795833776}},
 22: {0.55728090000841224: {0: 0.3182007496876302, 1: 0.32470845481049565},
      0.75887636883206033: {0: 0.32194918783840065, 1: 0.3481882548937943},
      0.84714587964315791: {0: 0.31684714702207417, 1: 0.3301749271137026},
      0.88086183260267092: {0: 0.32325072886297374, 1: 0.3382444814660558},
      0.89374018067011229: {0: 0.3421491045397751, 1: 0.3197625989171179},
      0.89836609078704521: {0: 0.32543731778425655, 1: 0.32335485214493964},
      0.90169943749474257: {0: 0.3104435651811745, 1: 0.32392753019575177},
      0.9055833243306205: {0: 0.3185131195335277, 1: 0.3301749271137026},
      0.91186758523952915: {0: 0.3358496459808413, 1: 0.32798833819241985},
      0.9283199938932245: {0: 0.31695127030403997, 1: 0.3245522698875469},
      0.97139295894540179: {0: 0.32408371511870054, 1: 0.3301749271137026},
      1.4589803375031547: {0: 0.3184089962515618, 1: 0.32194918783840065},
      2.3606797749978972: {0: 0.32450020824656395, 1: 0.3238754685547689},
      3.819660112501051: {0: 0.32194918783840065, 1: 0.25749687630154106},
      6.1803398874989472: {0: 0.32725947521865895, 1: 0.3245002082465639}},
 23: {1.4589803375031547: {0: 0.27264681382757194, 1: 0.29857351103706786},
      2.356514128011316: {0: 0.3072157434402333, 1: 0.27264681382757194},
      2.3606797749978972: {0: 0.2749375260308205, 1: 0.2536443148688047},
      2.3652108135357452: {0: 0.26213036234902126, 1: 0.2749375260308205},
      2.3725421878943194: {0: 0.2949291961682632, 1: 0.29711578508954606},
      2.3917359751493157: {0: 0.29857351103706786, 1: 0.29857351103706786},
      2.4419859625557305: {0: 0.2995106205747605, 1: 0.2694189920866306},
      2.5735421375199787: {0: 0.2995106205747605, 1: 0.2990941274468971},
      2.917960675006309: {0: 0.2625468554768846, 1: 0.3187734277384423},
      3.819660112501051: {0: 0.29919825072886297, 1: 0.29857351103706786},
      6.1803398874989472: {0: 0.30263431903373594, 1: 0.29857351103706786}},
 24: {1.4589803375031547: {0: 0.32358942965003573, 1: 0.31614121008060403},
      2.2808561406982149: {0: 0.23426181001938579, 1: 0.28420569329660234},
      2.3301898598009605: {0: 0.2969594939291909, 1: 0.2740026527905316},
      2.3490336637067695: {0: 0.27400265279053154, 1: 0.2174778083868993},
      2.3562313563214503: {0: 0.24788286909499035, 1: 0.2792062034486277},
      2.3606797749978972: {0: 0.261095806550352, 1: 0.21747780838689929},
      2.3652108135357452: {0: 0.26966636057545157, 1: 0.31777369656157534},
      2.3725421878943194: {0: 0.2792062034486277, 1: 0.261095806550352},
      2.3917359751493157: {0: 0.23426181001938579, 1: 0.261095806550352},
      2.4419859625557305: {0: 0.26410570349964285, 1: 0.31211100908070605},
      2.5735421375199787: {0: 0.2969594939291909, 1: 0.2792062034486277},
      2.917960675006309: {0: 0.2969594939291909, 1: 0.26966636057545157},
      3.819660112501051: {0: 0.24864809713294567, 1: 0.2792062034486277},
      6.1803398874989472: {0: 0.29583715947352307, 1: 0.27400265279053154}},
 25: {0.90169943749474257: {0: 0.33384348535863684, 1: 0.2922660952963984},
      1.4205164511616215: {0: 0.31772268135904497, 1: 0.31772268135904497},
      1.4442884402601019: {0: 0.3195082134476073, 1: 0.26104479134782166},
      1.4533685321155294: {0: 0.2665544332210999, 1: 0.3195082134476074},
      1.4589803375031547: {0: 0.2800734618916437, 1: 0.2689011325374962},
      1.4623136924766635: {0: 0.2862463013978166, 1: 0.28206305479032756},
      2.3606797749978972: {0: 0.2754310784613815, 1: 0.29287827772676256},
      3.819660112501051: {0: 0.29660238751147844, 1: 0.29236812570145904},
      6.1803398874989472: {0: 0.28099173553719003, 1: 0.29706152433425165}},
 26: {0.55728090000841224: {0: 0.34164881134578107, 1: 0.34164881134578107},
      0.89836609078704521: {0: 0.3296092235486175, 1: 0.3296092235486175},
      0.90169943749474257: {0: 0.3196102438526681, 1: 0.3212427303336395},
      0.90621182351473584: {0: 0.3296092235486175, 1: 0.316855422916029},
      0.91351301746544489: {0: 0.3296092235486175, 1: 0.2927762473217018},
      0.93262779138685636: {0: 0.3212427303336395, 1: 0.32960922354861744},
      0.98267091920038152: {0: 0.3296092235486175, 1: 0.2984899500051015},
      1.4589803375031547: {0: 0.3212427303336395, 1: 0.32287521681461073},
      2.3606797749978972: {0: 0.30629527599224565, 1: 0.3212427303336395},
      3.819660112501051: {0: 0.29991837567595137, 1: 0.316855422916029},
      6.1803398874989472: {0: 0.3196102438526681, 1: 0.30629527599224565}},
 27: {0.50538731322969954: {0: 0.3166775173611111, 1: 0.3280164930555556},
      0.69842808940045531: {0: 0.3359917534722222, 1: 0.33599175347222227},
      0.72659235907740327: {0: 0.27761501736111116, 1: 0.3238389756944444},
      0.74399883500607522: {0: 0.2816840277777778, 1: 0.27945963541666663},
      0.75142328422616811: {0: 0.3179796006944444, 1: 0.28298611111111105},
      0.75475662875435134: {0: 0.3121202256944444, 1: 0.2784830729166667},
      0.76140531093474717: {0: 0.28043619791666663, 1: 0.2788628472222222},
      0.7647386555615463: {0: 0.28298611111111105, 1: 0.2847764756944444},
      0.77216310468302329: {0: 0.2561306423611111, 1: 0.2837999131944444},
      0.8177338502886432: {0: 0.28298611111111105, 1: 0.2852647569444444},
      0.89146886557121119: {0: 0.28510199652777773, 1: 0.28298611111111105},
      1.0107746264593991: {0: 0.28510199652777773, 1: 0.28434244791666663},
      1.3231211635183426: {0: 0.28298611111111105, 1: 0.28434244791666663},
      2.3606797749978972: {0: 0.2801649305555555, 1: 0.28043619791666663},
      3.819660112501051: {0: 0.2756618923611111, 1: 0.2724609375},
      6.1803398874989472: {0: 0.28510199652777773, 1: 0.2801649305555555}},
 28: {1.4589803375031547: {0: 0.3428100754596663, 1: 0.3528005101498565},
      1.9480821232237089: {0: 0.3325007971091508, 1: 0.3439791688808587},
      2.0135694881747979: {0: 0.32431714316080346, 1: 0.3528005101498566},
      2.0385834357524453: {0: 0.3528005101498566, 1: 0.3243171431608035},
      2.0481379135342985: {0: 0.3528005101498566, 1: 0.3439791688808588},
      2.0540429055482394: {0: 0.32516739292167074, 1: 0.3243171431608035},
      2.0596036131671855: {0: 0.33095971941757896, 1: 0.3528005101498566},
      2.068601027096141: {0: 0.3325007971091508, 1: 0.3267084706132426},
      2.0921565625729985: {0: 0.3245297056010203, 1: 0.3528005101498566},
      2.1538257550746152: {0: 0.3528005101498566, 1: 0.3439791688808588},
      2.3606797749978972: {0: 0.3243171431608035, 1: 0.3528005101498565},
      3.819660112501051: {0: 0.3273461579338931, 1: 0.3273461579338931},
      6.1803398874989472: {0: 0.3273461579338931, 1: 0.30624933574237434}},
 29: {2.3606797749978972: {0: 0.3159740673822936, 1: 0.30901264746519297},
      2.849557158784521: {0: 0.3210224253374429, 1: 0.32102242533744285},
      2.9649654540204176: {0: 0.32102242533744285, 1: 0.26974173663513656},
      3.0090475002168477: {0: 0.2757466255712616, 1: 0.32102242533744296},
      3.0194538597064913: {0: 0.3159740673822936, 1: 0.2752683600807738},
      3.0258853435702409: {0: 0.3042299925603146, 1: 0.2720267828674673},
      3.0298602191961348: {0: 0.2757466255712616, 1: 0.2757466255712616},
      3.0362917030598844: {0: 0.27579976618131574, 1: 0.2757466255712616},
      3.0531295464132775: {0: 0.32102242533744285, 1: 0.32054415984695506},
      3.0803737492563146: {0: 0.3210224253374429, 1: 0.3084281007545967},
      3.1516999982957814: {0: 0.2757466255712616, 1: 0.27122967371665424},
      3.2977346594072281: {0: 0.2762780316718036, 1: 0.27627803167180354},
      3.819660112501051: {0: 0.27526836008077377, 1: 0.2706982676161123},
      6.1803398874989472: {0: 0.27356786055903926, 1: 0.27526836008077377}},
 30: {1.4589803375031547: {0: 0.3062442607897154, 1: 0.30527497194163866},
      1.9379801196615358: {0: 0.28134884195490256, 1: 0.30032649729619426},
      2.1583699898336768: {0: 0.2800224466891134, 1: 0.28012447709417404},
      2.1836184605967413: {0: 0.2882869094990308, 1: 0.291347821650852},
      2.193262518264274: {0: 0.29665340271400886, 1: 0.30032649729619426},
      2.199222873692273: {0: 0.30032649729619426, 1: 0.30032649729619426},
      2.2025562396453529: {0: 0.3062442607897154, 1: 0.30032649729619426},
      2.2072339164671346: {0: 0.30032649729619426, 1: 0.2882869094990308},
      2.2201960559621905: {0: 0.32022242628303244, 1: 0.291347821650852},
      2.2541313777271634: {0: 0.26599326599326595, 1: 0.2533925109682686},
      2.3606797749978972: {0: 0.29665340271400886, 1: 0.2570145903479237},
      2.4107251885413592: {0: 0.26599326599326595, 1: 0.2947148250178553},
      3.819660112501051: {0: 0.26252423222120197, 1: 0.26599326599326595},
      6.1803398874989472: {0: 0.26619732680338737, 1: 0.26599326599326595}},
 31: {0.55728090000841224: {0: 0.3376554362844085, 1: 0.3376554362844085},
      0.76510103463130419: {0: 0.3376554362844085, 1: 0.3376554362844085},
      0.84952349040986008: {0: 0.3376554362844085, 1: 0.3376554362844085},
      0.90169943749474257: {0: 0.3376554362844085, 1: 0.3376554362844085},
      0.92399440426149215: {0: 0.3376554362844085, 1: 0.3321288128387714},
      0.93777345150139269: {0: 0.3376554362844085, 1: 0.3376554362844085},
      0.94628937102824162: {0: 0.3376554362844085, 1: 0.3360080773727282},
      0.95155249874129322: {0: 0.3376554362844085, 1: 0.3360080773727282},
      0.95488584618843098: {0: 0.3153363800616431, 1: 0.344563715591455},
      0.96006841826814227: {0: 0.344563715591455, 1: 0.344563715591455},
      1.4589803375031547: {0: 0.3153363800616431, 1: 0.3153363800616431},
      2.3606797749978972: {0: 0.3153363800616431, 1: 0.3153363800616431},
      3.819660112501051: {0: 0.3153363800616431, 1: 0.30385800828993514},
      6.1803398874989472: {0: 0.3153363800616431, 1: 0.3153363800616431}},
 32: {0.52424932014037795: {0: 0.38205295138888895, 1: 0.37288411458333337},
      2.1275420879487168: {0: 0.37532552083333337, 1: 0.37760416666666663},
      2.3606797749978972: {0: 0.37532552083333337, 1: 0.34391276041666663},
      2.7508083965452923: {0: 0.34391276041666663, 1: 0.37760416666666663},
      2.7565654308737977: {0: 0.3776041666666667, 1: 0.32449001736111105},
      2.7601234737632137: {0: 0.34391276041666663, 1: 0.34391276041666663},
      2.7658805080917186: {0: 0.3694661458333333, 1: 0.3439127604166667},
      2.7751955853096395: {0: 0.34391276041666663, 1: 0.3439127604166667},
      2.7902676968560658: {0: 0.34391276041666663, 1: 0.34391276041666663},
      2.8146548856204134: {0: 0.34391276041666663, 1: 0.34391276041666663},
      2.8541141859311874: {0: 0.32931857638888884, 1: 0.34391276041666663},
      2.917960675006309: {0: 0.3314887152777778, 1: 0.34391276041666663},
      3.0495168499705572: {0: 0.3284505208333333, 1: 0.34391276041666663},
      3.2623792124926392: {0: 0.3445095486111111, 1: 0.32828776041666663},
      3.819660112501051: {0: 0.3445095486111111, 1: 0.3402777777777778},
      6.1803398874989472: {0: 0.3445095486111111, 1: 0.3293185763888889}},
 33: {0.55728090000841224: {0: 0.3152739516375881, 1: 0.3073665952453832},
      0.75274982406107016: {0: 0.3026731966125905, 1: 0.30685644322007954},
      0.84480574777423767: {0: 0.3073665952453831, 1: 0.3103254769921437},
      0.87996798176690016: {0: 0.3029792878277726, 1: 0.33062952759922454},
      0.89339876003172036: {0: 0.30685644322007954, 1: 0.3128762371186613},
      0.89836609078704521: {0: 0.28946025915722884, 1: 0.3111927354351597},
      0.90169943749474257: {0: 0.30149984695439247, 1: 0.29650035710641776},
      0.90503278420243993: {0: 0.3193551678400164, 1: 0.3108356290174472},
      0.90938301464166937: {0: 0.3108356290174472, 1: 0.3108356290174472},
      0.92181530362057895: {0: 0.31287623711866136, 1: 0.30797877767574733},
      0.9543634587253248: {0: 0.3128762371186613, 1: 0.30797877767574733},
      1.4589803375031547: {0: 0.302877257422712, 1: 0.31272319151107036},
      2.3606797749978972: {0: 0.30685644322007954, 1: 0.3107335986123864},
      3.819660112501051: {0: 0.3108356290174472, 1: 0.3108356290174472},
      6.1803398874989472: {0: 0.3117539026629936, 1: 0.3108356290174472}},
 34: {2.3606797749978972: {0: 0.32114069992857874, 1: 0.32869094990307113},
      3.2603190641822666: {0: 0.32527293133353735, 1: 0.3197632894602591},
      3.6039506950359002: {0: 0.25579022548719516, 1: 0.2974696459544945},
      3.7144565214380405: {0: 0.28333843485358634, 1: 0.2991021324354658},
      3.8129933325743961: {0: 0.2804815835118865, 1: 0.25528007346189163},
      3.8163267225130024: {0: 0.2761452912968064, 1: 0.2592592592592593},
      3.819660112501051: {0: 0.28333843485358634, 1: 0.2816039179675543},
      4.1776412076030081: {0: 0.31976328946025917, 1: 0.3020610141822262},
      6.1803398874989472: {0: 0.2587491072339557, 1: 0.28813386389143963}},
 35: {0.15623373983662703: {0: 0.32204999999999995, 1: 0.3129},
      0.27253834095016499: {0: 0.31855000000000006, 1: 0.29605000000000004},
      0.31696274552753761: {0: 0.31445000000000006, 1: 0.30295000000000005},
      0.34441853748633033: {0: 0.31015000000000004, 1: 0.3164500000000001},
      0.35782322130770816: {0: 0.31040000000000006, 1: 0.31195000000000006},
      0.37122790512908599: {0: 0.30920000000000003, 1: 0.31015000000000004},
      0.37755673832655962: {0: 0.2943, 1: 0.31015000000000004},
      0.38146817235172698: {0: 0.3086000000000001, 1: 0.27804999999999996},
      0.3877970055492006: {0: 0.31040000000000006, 1: 0.31015000000000004},
      0.41460637319195626: {0: 0.3108, 1: 0.30920000000000003},
      0.55728090000841224: {0: 0.30445000000000005, 1: 0.31195000000000006},
      0.90169943749474257: {0: 0.3086000000000001, 1: 0.3086000000000001},
      1.4589803375031547: {0: 0.31060000000000004, 1: 0.3104},
      2.3606797749978972: {0: 0.3108, 1: 0.3106000000000001},
      3.819660112501051: {0: 0.2996500000000001, 1: 0.30860000000000004},
      6.1803398874989472: {0: 0.3086000000000001, 1: 0.30860000000000004}},
 36: {0.67114662587108032: {0: 0.31971227425772886, 1: 0.28675645342312023},
      0.92750182551902338: {0: 0.31154984185287216, 1: 0.3314457708397102},
      1.0254207985917725: {0: 0.3314457708397102, 1: 0.29502091623303744},
      1.062822518162077: {0: 0.3133863891439649, 1: 0.32287521681461073},
      1.0771087038002412: {0: 0.3133863891439649, 1: 0.3133863891439649},
      1.0825655411444293: {0: 0.3133863891439649, 1: 0.32287521681461073},
      1.0859380520942172: {0: 0.2867564534231202, 1: 0.32726252423222124},
      1.0892714015346148: {0: 0.32287521681461073, 1: 0.32287521681461073},
      1.0931634097996024: {0: 0.31165187225793284, 1: 0.32287521681461073},
      1.1048542841477913: {0: 0.3133863891439649, 1: 0.32287521681461073},
      1.1354613905495541: {0: 0.32287521681461073, 1: 0.3133863891439649},
      1.2155918354066537: {0: 0.3133863891439649, 1: 0.32287521681461073},
      1.5728460633658226: {0: 0.270737679828589, 1: 0.2716559534741353},
      2.3606797749978972: {0: 0.2716559534741353, 1: 0.27073767982858893},
      3.819660112501051: {0: 0.2662483420059177, 1: 0.2589021528415468},
      6.1803398874989472: {0: 0.2716559534741353, 1: 0.26135088256300376}},
 37: {1.4589803375031547: {0: 0.3250728862973761, 1: 0.3257496876301541},
      1.7975208768952127: {0: 0.30200957934194084, 1: 0.2849854227405248},
      1.9268318563732563: {0: 0.3233027905039566, 1: 0.3233027905039566},
      1.9762242554153286: {0: 0.28852561432736357, 1: 0.28889004581424405},
      1.9936948806185317: {0: 0.3233027905039566, 1: 0.27738442315701795},
      1.999703526394851: {0: 0.3218450645564348, 1: 0.28852561432736357},
      2.0034170737109749: {0: 0.28852561432736357, 1: 0.25327988338192425},
      2.0067504368092273: {0: 0.28852561432736357, 1: 0.28852561432736357},
      2.0561428358512996: {0: 0.3233027905039566, 1: 0.28581840899625155},
      2.1360614162872706: {0: 0.28852561432736357, 1: 0.28498542274052474},
      2.345290976201285: {0: 0.28852561432736357, 1: 0.28852561432736357},
      2.3606797749978972: {0: 0.2529675135360267, 1: 0.28852561432736357},
      2.4224329710063985: {0: 0.2880049979175343, 1: 0.28581840899625155},
      3.819660112501051: {0: 0.30200957934194084, 1: 0.26572261557684296},
      6.1803398874989472: {0: 0.2891503540191587, 1: 0.28852561432736357}},
 38: {1.4589803375031547: {0: 0.3228242016120804, 1: 0.3106315682073258},
      1.8100792941930692: {0: 0.29797979797979796, 1: 0.31246811549841846},
      1.9842072982862149: {0: 0.3103254769921437, 1: 0.3020610141822263},
      2.0237370194424176: {0: 0.31246811549841846, 1: 0.3120089786756453},
      2.0270703828420635: {0: 0.30542801754922966, 1: 0.3048668503213958},
      2.0306267415393906: {0: 0.3120089786756453, 1: 0.2932863993470054},
      2.0363810507878517: {0: 0.31200897867564537, 1: 0.3228242016120804},
      2.0515890402690093: {0: 0.3037445158657281, 1: 0.3054280175492297},
      2.0912610613443232: {0: 0.31246811549841846, 1: 0.3048668503213958},
      2.1951237609218963: {0: 0.3110396898275687, 1: 0.3048668503213958},
      2.3606797749978972: {0: 0.306754412815019, 1: 0.31063156820732585},
      3.819660112501051: {0: 0.30542801754922966, 1: 0.3121620242832364},
      6.1803398874989472: {0: 0.30894806652382406, 1: 0.3109376594225079}},
 39: {0.90169943749474257: {0: 0.29472094960433154, 1: 0.31179716784673056},
      1.2176800997916157: {0: 0.3124219075385256, 1: 0.31242190753852567},
      1.2820895590576384: {0: 0.2984173261141191, 1: 0.30117659308621403},
      1.3066917833002574: {0: 0.30117659308621403, 1: 0.29763640149937526},
      1.316088996762091: {0: 0.24265930862140783, 1: 0.30117659308621403},
      1.3218967940810424: {0: 0.2934714702207414, 1: 0.28154935443565177},
      1.3252301470212737: {0: 0.29258642232403165, 1: 0.30117659308621403},
      1.3295361981265041: {0: 0.29763640149937526, 1: 0.29763640149937526},
      1.3418970135258546: {0: 0.2934714702207413, 1: 0.29763640149937526},
      1.3742580483700173: {0: 0.24265930862140783, 1: 0.2976364014993752},
      1.4589803375031547: {0: 0.29472094960433154, 1: 0.23594335693461058},
      2.3606797749978972: {0: 0.30117659308621403, 1: 0.3011765930862141},
      3.819660112501051: {0: 0.3011765930862141, 1: 0.30117659308621403},
      6.1803398874989472: {0: 0.3011765930862141, 1: 0.2976364014993752}}}
